{
  "RSpec": {
    "coverage": {
      "/home/ec2-user/environment/super-scrum-bros/spec/models/ride_spec.rb": [
        1,
        1,
        2,
        2,
        2,
        null,
        null,
        null
      ],
      "/home/ec2-user/environment/super-scrum-bros/app/models/ride.rb": [
        1,
        1,
        1,
        null
      ],
      "/home/ec2-user/environment/super-scrum-bros/app/models/application_record.rb": [
        1,
        1,
        null
      ]
    },
    "timestamp": 1551064680
  }
}
